<?xml version="1.0" encoding="UTF-8"?>
<!-- Generated by org.testng.reporters.JUnitReportReporter -->
<testsuite hostname="g11n-esokol" name="com.web_testing_selenium.com.com.TestNG_Mail" tests="6" failures="0" timestamp="14 Apr 2015 16:06:07 GMT" time="103.010" errors="0">
  <testcase name="Test_SendMail" time="14.163" classname="com.web_testing_selenium.com.com.TestNG_Mail"/>
  <testcase name="Test_WrongPassword" time="9.967" classname="com.web_testing_selenium.com.com.TestNG_Mail"/>
  <testcase name="Test_CleanTrashFolder" time="24.066" classname="com.web_testing_selenium.com.com.TestNG_Mail"/>
  <testcase name="Test_LoginLogout" time="8.592" classname="com.web_testing_selenium.com.com.TestNG_Mail"/>
  <testcase name="Test_CleanSentFolder" time="34.693" classname="com.web_testing_selenium.com.com.TestNG_Mail"/>
  <testcase name="Test_DeleteLastLetter" time="11.529" classname="com.web_testing_selenium.com.com.TestNG_Mail"/>
</testsuite> <!-- com.web_testing_selenium.com.com.TestNG_Mail -->
